#
# There is insufficient memory for the Java Runtime Environment to continue.
# Native memory allocation (mmap) failed to map 132120576 bytes for G1 virtual space
# Possible reasons:
#   The system is out of physical RAM or swap space
#   The process is running with CompressedOops enabled, and the Java Heap may be blocking the growth of the native heap
# Possible solutions:
#   Reduce memory load on the system
#   Increase physical memory or swap space
#   Check if swap backing store is full
#   Decrease Java heap size (-Xmx/-Xms)
#   Decrease number of Java threads
#   Decrease Java thread stack sizes (-Xss)
#   Set larger code cache with -XX:ReservedCodeCacheSize=
#   JVM is running with Unscaled Compressed Oops mode in which the Java heap is
#     placed in the first 4GB address space. The Java Heap base address is the
#     maximum limit for the native heap growth. Please use -XX:HeapBaseMinAddress
#     to set the Java Heap base and to place the Java Heap above 4GB virtual address.
# This output file may be truncated or incomplete.
#
#  Out of Memory Error (os_windows.cpp:3600), pid=22888, tid=13000
#
# JRE version:  (21.0.3+7) (build )
# Java VM: Java HotSpot(TM) 64-Bit Server VM (21.0.3+7-LTS-152, mixed mode, sharing, tiered, compressed oops, compressed class ptrs, g1 gc, windows-amd64)
# No core dump will be written. Minidumps are not enabled by default on client versions of Windows
#

---------------  S U M M A R Y ------------

Command Line: -Dfile.encoding=UTF-8 --module-path=C:\Users\Lucas\Documents\NetBeansProjects\Quiz Application\build\classes quiz.application.Login

Host: Intel(R) Core(TM) i5-10210U CPU @ 1.60GHz, 8 cores, 7G,  Windows 11 , 64 bit Build 22621 (10.0.22621.3672)
Time: Mon Aug  5 09:39:54 2024 Hora oficial do Brasil elapsed time: 0.014847 seconds (0d 0h 0m 0s)

---------------  T H R E A D  ---------------

Current thread (0x000002062d9d9370):  JavaThread "Unknown thread" [_thread_in_vm, id=13000, stack(0x000000c5ac400000,0x000000c5ac500000) (1024K)]

Stack: [0x000000c5ac400000,0x000000c5ac500000]
Native frames: (J=compiled Java code, j=interpreted, Vv=VM code, C=native code)
V  [jvm.dll+0x6c63b9]
V  [jvm.dll+0x84fa11]
V  [jvm.dll+0x851f3e]
V  [jvm.dll+0x852613]
V  [jvm.dll+0x27cd46]
V  [jvm.dll+0x6c2b55]
V  [jvm.dll+0x6b76da]
V  [jvm.dll+0x35051a]
V  [jvm.dll+0x358176]
V  [jvm.dll+0x3aa84e]
V  [jvm.dll+0x3aaaf8]
V  [jvm.dll+0x32491c]
V  [jvm.dll+0x32547b]
V  [jvm.dll+0x818f69]
V  [jvm.dll+0x3b7771]
V  [jvm.dll+0x802358]
V  [jvm.dll+0x44c7ce]
V  [jvm.dll+0x44e2a1]
C  [jli.dll+0x52a3]
C  [ucrtbase.dll+0x29333]
C  [KERNEL32.DLL+0x1257d]
C  [ntdll.dll+0x5af28]


---------------  P R O C E S S  ---------------

Threads class SMR info:
_java_thread_list=0x00007ffa8f0f1b88, length=0, elements={
}

Java Threads: ( => current thread )
Total: 0

Other Threads:
  0x000002062fc7b340 WorkerThread "GC Thread#0"                     [id=36460, stack(0x000000c5ac500000,0x000000c5ac600000) (1024K)]
  0x000002062fc8bbe0 ConcurrentGCThread "G1 Main Marker"            [id=30952, stack(0x000000c5ac600000,0x000000c5ac700000) (1024K)]
  0x000002062fc8c890 WorkerThread "G1 Conc#0"                       [id=30164, stack(0x000000c5ac700000,0x000000c5ac800000) (1024K)]

[error occurred during error reporting (printing all threads), id 0xc0000005, EXCEPTION_ACCESS_VIOLATION (0xc0000005) at pc=0x00007ffa8e867077]
VM state: not at safepoint (not fully initialized)

VM Mutex/Monitor currently owned by a thread:  ([mutex/lock_event])
[0x00007ffa8f162ea8] Heap_lock - owner thread: 0x000002062d9d9370

Heap address: 0x0000000083a00000, size: 1990 MB, Compressed Oops mode: 32-bit

CDS archive(s) mapped at: [0x0000000000000000-0x0000000000000000-0x0000000000000000), size 0, SharedBaseAddress: 0x0000000800000000, ArchiveRelocationMode: 1.
Narrow klass base: 0x0000000000000000, Narrow klass shift: 0, Narrow klass range: 0x0

GC Precious Log:
 CardTable entry size: 512
 Card Set container configuration: InlinePtr #cards 5 size 8 Array Of Cards #cards 12 size 40 Howl #buckets 4 coarsen threshold 1843 Howl Bitmap #cards 512 size 80 coarsen threshold 460 Card regions per heap region 1 cards per card region 2048

Heap:
 garbage-first heap   total 0K, used 0K [0x0000000083a00000, 0x0000000100000000)
  region size 1024K, 0 young (0K), 0 survivors (0K)

[error occurred during error reporting (printing heap information), id 0xc0000005, EXCEPTION_ACCESS_VIOLATION (0xc0000005) at pc=0x00007ffa8ec4e669]
GC Heap History (0 events):
No events

Dll operation events (1 events):
Event: 0.007 Loaded shared library C:\Program Files\Java\jdk-21\bin\java.dll

Deoptimization events (0 events):
No events

Classes loaded (0 events):
No events

Classes unloaded (0 events):
No events

Classes redefined (0 events):
No events

Internal exceptions (0 events):
No events

ZGC Phase Switch (0 events):
No events

VM Operations (0 events):
No events

Events (0 events):
No events


Dynamic libraries:
0x00007ff6b8b00000 - 0x00007ff6b8b10000 	C:\Program Files\Java\jdk-21\bin\java.exe
0x00007ffb4ddd0000 - 0x00007ffb4dfe7000 	C:\WINDOWS\SYSTEM32\ntdll.dll
0x00007ffb4cfe0000 - 0x00007ffb4d0a4000 	C:\WINDOWS\System32\KERNEL32.DLL
0x00007ffb4b4b0000 - 0x00007ffb4b85d000 	C:\WINDOWS\System32\KERNELBASE.dll
0x00007ffb4b220000 - 0x00007ffb4b331000 	C:\WINDOWS\System32\ucrtbase.dll
0x00007ffb38ca0000 - 0x00007ffb38cbb000 	C:\Program Files\Java\jdk-21\bin\VCRUNTIME140.dll
0x00007ffb38ff0000 - 0x00007ffb39009000 	C:\Program Files\Java\jdk-21\bin\jli.dll
0x00007ffb4c0a0000 - 0x00007ffb4c152000 	C:\WINDOWS\System32\ADVAPI32.dll
0x00007ffb4dc00000 - 0x00007ffb4dca7000 	C:\WINDOWS\System32\msvcrt.dll
0x00007ffb4bf70000 - 0x00007ffb4c019000 	C:\WINDOWS\System32\sechost.dll
0x00007ffb4b9f0000 - 0x00007ffb4ba18000 	C:\WINDOWS\System32\bcrypt.dll
0x00007ffb4bd20000 - 0x00007ffb4be34000 	C:\WINDOWS\System32\RPCRT4.dll
0x00007ffb4bb60000 - 0x00007ffb4bd0e000 	C:\WINDOWS\System32\USER32.dll
0x00007ffb4b170000 - 0x00007ffb4b196000 	C:\WINDOWS\System32\win32u.dll
0x00007ffb36480000 - 0x00007ffb36713000 	C:\WINDOWS\WinSxS\amd64_microsoft.windows.common-controls_6595b64144ccf1df_6.0.22621.3672_none_2713b9d173822955\COMCTL32.dll
0x00007ffb4d250000 - 0x00007ffb4d279000 	C:\WINDOWS\System32\GDI32.dll
0x00007ffb4b8d0000 - 0x00007ffb4b9e9000 	C:\WINDOWS\System32\gdi32full.dll
0x00007ffb4b0d0000 - 0x00007ffb4b16a000 	C:\WINDOWS\System32\msvcp_win.dll
0x00007ffb396e0000 - 0x00007ffb396ea000 	C:\WINDOWS\SYSTEM32\VERSION.dll
0x00007ffb4d0b0000 - 0x00007ffb4d0e1000 	C:\WINDOWS\System32\IMM32.DLL
0x00007ffb38d20000 - 0x00007ffb38d2c000 	C:\Program Files\Java\jdk-21\bin\vcruntime140_1.dll
0x00007ffb101c0000 - 0x00007ffb1024e000 	C:\Program Files\Java\jdk-21\bin\msvcp140.dll
0x00007ffa8e530000 - 0x00007ffa8f23d000 	C:\Program Files\Java\jdk-21\bin\server\jvm.dll
0x00007ffb4c020000 - 0x00007ffb4c091000 	C:\WINDOWS\System32\WS2_32.dll
0x00007ffb4ade0000 - 0x00007ffb4ae2d000 	C:\WINDOWS\SYSTEM32\POWRPROF.dll
0x00007ffb3f480000 - 0x00007ffb3f4b4000 	C:\WINDOWS\SYSTEM32\WINMM.dll
0x00007ffb4adc0000 - 0x00007ffb4add3000 	C:\WINDOWS\SYSTEM32\UMPDC.dll
0x00007ffb4a100000 - 0x00007ffb4a118000 	C:\WINDOWS\SYSTEM32\kernel.appcore.dll
0x00007ffb38c50000 - 0x00007ffb38c5a000 	C:\Program Files\Java\jdk-21\bin\jimage.dll
0x00007ffb45990000 - 0x00007ffb45bc2000 	C:\WINDOWS\SYSTEM32\DBGHELP.DLL
0x00007ffb4d280000 - 0x00007ffb4d608000 	C:\WINDOWS\System32\combase.dll
0x00007ffb4da90000 - 0x00007ffb4db67000 	C:\WINDOWS\System32\OLEAUT32.dll
0x00007ffb16080000 - 0x00007ffb160b2000 	C:\WINDOWS\SYSTEM32\dbgcore.DLL
0x00007ffb4b1a0000 - 0x00007ffb4b21b000 	C:\WINDOWS\System32\bcryptPrimitives.dll
0x00007ffb38c60000 - 0x00007ffb38c7f000 	C:\Program Files\Java\jdk-21\bin\java.dll

dbghelp: loaded successfully - version: 4.0.5 - missing functions: none
symbol engine: initialized successfully - sym options: 0x614 - pdb path: .;C:\Program Files\Java\jdk-21\bin;C:\WINDOWS\SYSTEM32;C:\WINDOWS\WinSxS\amd64_microsoft.windows.common-controls_6595b64144ccf1df_6.0.22621.3672_none_2713b9d173822955;C:\Program Files\Java\jdk-21\bin\server

VM Arguments:
jvm_args: -Dfile.encoding=UTF-8 --module-path=C:\Users\Lucas\Documents\NetBeansProjects\Quiz Application\build\classes 
java_command: quiz.application.Login
java_class_path (initial): C:\Users\Lucas\Documents\NetBeansProjects\Quiz Application\build\classes
Launcher Type: SUN_STANDARD

[Global flags]
     intx CICompilerCount                          = 4                                         {product} {ergonomic}
     uint ConcGCThreads                            = 2                                         {product} {ergonomic}
     uint G1ConcRefinementThreads                  = 8                                         {product} {ergonomic}
   size_t G1HeapRegionSize                         = 1048576                                   {product} {ergonomic}
    uintx GCDrainStackTargetSize                   = 64                                        {product} {ergonomic}
   size_t InitialHeapSize                          = 132120576                                 {product} {ergonomic}
   size_t MarkStackSize                            = 4194304                                   {product} {ergonomic}
   size_t MaxHeapSize                              = 2086666240                                {product} {ergonomic}
   size_t MinHeapDeltaBytes                        = 1048576                                   {product} {ergonomic}
   size_t MinHeapSize                              = 8388608                                   {product} {ergonomic}
    uintx NonNMethodCodeHeapSize                   = 5839372                                {pd product} {ergonomic}
    uintx NonProfiledCodeHeapSize                  = 122909434                              {pd product} {ergonomic}
    uintx ProfiledCodeHeapSize                     = 122909434                              {pd product} {ergonomic}
    uintx ReservedCodeCacheSize                    = 251658240                              {pd product} {ergonomic}
     bool SegmentedCodeCache                       = true                                      {product} {ergonomic}
   size_t SoftMaxHeapSize                          = 2086666240                             {manageable} {ergonomic}
     bool UseCompressedOops                        = true                           {product lp64_product} {ergonomic}
     bool UseG1GC                                  = true                                      {product} {ergonomic}
     bool UseLargePagesIndividualAllocation        = false                                  {pd product} {ergonomic}

Logging:
Log output configuration:
 #0: stdout all=warning uptime,level,tags foldmultilines=false
 #1: stderr all=off uptime,level,tags foldmultilines=false

Environment Variables:
PATH=C:\Program Files\Common Files\Oracle\Java\javapath;C:\Users\Lucas\AppData\Local\Programs\Python\Python312\Scripts\;C:\WINDOWS\system32;C:\WINDOWS;C:\WINDOWS\System32\Wbem;C:\WINDOWS\System32\WindowsPowerShell\v1.0\;C:\WINDOWS\System32\OpenSSH\;C:\Program Files\dotnet\;C:\Program Files (x86)\dotnet\;C:\Program Files\nodejs\;C:\msys64\ucrt64\bin;C:\Program Files\jdk-14\bin;C:\php;C:\Users\Lucas\AppData\Local\Programs\Python\Python312\Scripts\;C:\Users\Lucas\AppData\Local\Programs\Python\Python312\;C:\Users\Lucas\AppData\Local\Microsoft\WindowsApps;C:\Users\Lucas\AppData\Local\Programs\Microsoft VS Code\bin;C:\Users\Lucas\AppData\Roaming\npm;C:\msys64\ucrt64\bin;C:\php\pear;
USERNAME=Lucas
OS=Windows_NT
PROCESSOR_IDENTIFIER=Intel64 Family 6 Model 142 Stepping 12, GenuineIntel
TMP=C:\Users\Lucas\AppData\Local\Temp
TEMP=C:\Users\Lucas\AppData\Local\Temp




Periodic native trim disabled

---------------  S Y S T E M  ---------------

OS:
 Windows 11 , 64 bit Build 22621 (10.0.22621.3672)
OS uptime: 4 days 21:10 hours

CPU: total 8 (initial active 8) (4 cores per cpu, 2 threads per core) family 6 model 142 stepping 12 microcode 0xf8, cx8, cmov, fxsr, ht, mmx, 3dnowpref, sse, sse2, sse3, ssse3, sse4.1, sse4.2, popcnt, lzcnt, tsc, tscinvbit, avx, avx2, aes, erms, clmul, bmi1, bmi2, adx, fma, vzeroupper, clflush, clflushopt, rdtscp, f16c
Processor Information for all 8 processors :
  Max Mhz: 2112, Current Mhz: 1609, Mhz Limit: 1605

Memory: 4k page, system-wide physical 7952M (477M free)
TotalPageFile size 32528M (AvailPageFile size 37M)
current process WorkingSet (physical memory assigned to process): 11M, peak: 11M
current process commit charge ("private bytes"): 60M, peak: 186M

vm_info: Java HotSpot(TM) 64-Bit Server VM (21.0.3+7-LTS-152) for windows-amd64 JRE (21.0.3+7-LTS-152), built on 2024-03-11T17:42:26Z by "mach5one" with MS VC++ 17.6 (VS2022)

END.
